<?xml version="1.0" encoding="UTF-8"?>
<!-- Generated by org.testng.reporters.JUnitXMLReporter -->
<testsuite ignored="2" hostname="DESKTOP-BPT5PRG" failures="0" tests="2" name="Test1" time="0.054" errors="0" timestamp="2025-10-27T15:28:49 IST">
  <testcase classname="data.A" name="login" time="0.009"/>
  <testcase classname="data.A" name="logout" time="0.001"/>
  <testcase classname="data.A" name="selectProduct" time="0.0">
    <ignored/>
  </testcase> <!-- selectProduct -->
  <testcase classname="data.A" name="confirm" time="0.0">
    <ignored/>
  </testcase> <!-- confirm -->
</testsuite> <!-- Test1 -->
